<?xml version="1.0" encoding="UTF-8"?>
<testsuite name="Ingresar opcion tarjeta de credito y validar que el PDF sea correcto" tests="1" skipped="1" failures="0" errors="0" timestamp="2021-06-06T22:04:30" hostname="DESKTOP-9ELIC1K" time="0.392">
  <properties/>
  <testcase name="Validar que el contrato de tarjetas sea el correcto" classname="Ingresar opcion tarjeta de credito y validar que el PDF sea correcto" time="0.392">
    <skipped/>
  </testcase>
  <system-out><![CDATA[Feature from file:///C:/Users/QV-4398/Documents/RetoAutomationFront/src/test/resources/features/consultar_productos.feature
]]></system-out>
  <system-err><![CDATA[[Test worker] INFO  - 
 _____ _____ ____ _____   ____ _____  _    ____ _____ _____ ____  
|_   _| ____/ ___|_   _| / ___|_   _|/ \  |  _ \_   _| ____|  _ \ 
  | | |  _| \___ \ | |   \___ \ | | / _ \ | |_) || | |  _| | | | |
  | | | |___ ___) || |    ___) || |/ ___ \|  _ < | | | |___| |_| |
  |_| |_____|____/ |_|   |____/ |_/_/   \_\_| \_\|_| |_____|____/ 

Validar que el contrato de tarjetas sea el correcto(ingresar-opcion-tarjeta-de-credito-y-validar-que-el-pdf-sea-correcto;validar-que-el-contrato-de-tarjetas-sea-el-correcto)
-------------------------------------------------------------------
[Test worker] INFO  -    * Example: {opciones=Productos y Servicios, productos=Tarjetas de Credito}
[Test worker] INFO  -      * Cuando ingrese a la opcion y al producto
[Test worker] INFO  - ?[96m      -> STEP IS PENDING?[0m
[Test worker] INFO  -      * Entonces debe descargar el PDF de contrato de tarjetas
[Test worker] INFO  - ?[33m      -> STEP IGNORED?[0m
[Test worker] INFO  - ?[96m
          __  _____ _____ ____ _____   ____  _____ _   _ ____ ___ _   _  ____ 
 _       / / |_   _| ____/ ___|_   _| |  _ \| ____| \ | |  _ \_ _| \ | |/ ___|
(_)____ / /    | | |  _| \___ \ | |   | |_) |  _| |  \| | | | | ||  \| | |  _ 
 |_____/ /     | | | |___ ___) || |   |  __/| |___| |\  | |_| | || |\  | |_| |
(_)   /_/      |_| |_____|____/ |_|   |_|   |_____|_| \_|____/___|_| \_|\____|

Validar que el contrato de tarjetas sea el correcto
-------------------------------------------------------------------------------?[0m
]]></system-err>
</testsuite>
