<?xml version="1.0" encoding="UTF-8"?>
<testsuite name="co.com.retoautomation.runners.ConsultarProductos" tests="0" skipped="0" failures="0" errors="0" timestamp="1970-01-01T00:00:00" hostname="DESKTOP-9ELIC1K" time="0.0">
  <properties/>
  <system-out><![CDATA[Feature from file:///C:/Users/QV-4398/Documents/RetoAutomationFront/src/test/resources/features/consultar_productos.feature

?[33mUndefined scenarios:?[0m
?[33mfile:///C:/Users/QV-4398/Documents/RetoAutomationFront/src/test/resources/features/consultar_productos.feature:17?[0m# Validar que el contrato de tarjetas sea el correcto

1 Scenarios (?[33m1 undefined?[0m)
2 Steps (?[33m2 undefined?[0m)
0m0,701s


You can implement missing steps with the snippets below:

@Cuando("ingrese a la opcion y al producto")
public void ingrese_a_la_opcion_y_al_producto() {
    // Write code here that turns the phrase above into concrete actions
    throw new io.cucumber.java.PendingException();
}

@Entonces("debe descargar el PDF de contrato de tarjetas")
public void debe_descargar_el_PDF_de_contrato_de_tarjetas() {
    // Write code here that turns the phrase above into concrete actions
    throw new io.cucumber.java.PendingException();
}


]]></system-out>
  <system-err><![CDATA[[Test worker] WARN io.cucumber.junit.CucumberSerenityRunner - By default Cucumber is running in --non-strict mode.
This default will change to --strict and --non-strict will be removed.
You can use --strict or @CucumberOptions(strict = true) to suppress this warning
[Test worker] INFO  - ?[96m

-------------------------------------------------------------------------------------
     _______. _______ .______       _______ .__   __.  __  .___________.____    ____ 
    /       ||   ____||   _  \     |   ____||  \ |  | |  | |           |\   \  /   / 
   |   (----`|  |__   |  |_)  |    |  |__   |   \|  | |  | `---|  |----` \   \/   /  
    \   \    |   __|  |      /     |   __|  |  . `  | |  |     |  |       \_    _/   
.----)   |   |  |____ |  |\  \----.|  |____ |  |\   | |  |     |  |         |  |     
|_______/    |_______|| _| `._____||_______||__| \__| |__|     |__|         |__|    
                                                                                     
 News and tutorials at http://www.serenity-bdd.info                                  
 Documentation at https://wakaleo.gitbooks.io/the-serenity-book/content/             
 Join the Serenity Community on Gitter: https://gitter.im/serenity-bdd/serenity-core 
 Serenity BDD Support and Training at http://serenity-bdd.info/#/trainingandsupport  
 Learn Serenity BDD online at https://www.serenitydojo.net                           
-------------------------------------------------------------------------------------
?[0m
[Test worker] INFO  - Test Suite Started: Ingresar opcion tarjeta de credito y validar que el PDF sea correcto
]]></system-err>
</testsuite>
